Log file created at: 2021/11/04 16:58:39
Running on machine: OS-C02F22SVML85
Binary: Built with gc go1.17.2 for darwin/amd64
Log line format: [IWEF]mmdd hh:mm:ss.uuuuuu threadid file:line] msg
I1104 16:58:39.054768   51927 init.go:73] init command started
Log file created at: 2021/11/04 16:59:49
Running on machine: OS-C02F22SVML85
Binary: Built with gc go1.17.2 for darwin/amd64
Log line format: [IWEF]mmdd hh:mm:ss.uuuuuu threadid file:line] msg
I1104 16:59:49.602809   52130 init.go:73] init command started
Log file created at: 2021/11/04 17:00:43
Running on machine: OS-C02F22SVML85
Binary: Built with gc go1.17.2 for darwin/amd64
Log line format: [IWEF]mmdd hh:mm:ss.uuuuuu threadid file:line] msg
I1104 17:00:43.469206   52340 init.go:73] init command started
Log file created at: 2021/11/04 17:01:33
Running on machine: OS-C02F22SVML85
Binary: Built with gc go1.17.2 for darwin/amd64
Log line format: [IWEF]mmdd hh:mm:ss.uuuuuu threadid file:line] msg
I1104 17:01:33.096787   52555 init.go:73] init command started
Log file created at: 2021/11/04 17:02:30
Running on machine: OS-C02F22SVML85
Binary: Built with gc go1.17.2 for darwin/amd64
Log line format: [IWEF]mmdd hh:mm:ss.uuuuuu threadid file:line] msg
I1104 17:02:30.697483   52757 init.go:73] init command started
Log file created at: 2021/11/04 17:04:14
Running on machine: OS-C02F22SVML85
Binary: Built with gc go1.17.2 for darwin/amd64
Log line format: [IWEF]mmdd hh:mm:ss.uuuuuu threadid file:line] msg
I1104 17:04:14.511934   53054 init.go:73] init command started
Log file created at: 2021/11/04 17:07:24
Running on machine: OS-C02F22SVML85
Binary: Built with gc go1.17.2 for darwin/amd64
Log line format: [IWEF]mmdd hh:mm:ss.uuuuuu threadid file:line] msg
I1104 17:07:24.157529   53526 init.go:73] init command started
Log file created at: 2021/11/04 17:54:03
Running on machine: OS-C02F22SVML85
Binary: Built with gc go1.17.2 for darwin/amd64
Log line format: [IWEF]mmdd hh:mm:ss.uuuuuu threadid file:line] msg
I1104 17:54:03.105811   60064 init.go:73] init command started
Log file created at: 2021/11/04 17:55:26
Running on machine: OS-C02F22SVML85
Binary: Built with gc go1.17.2 for darwin/amd64
Log line format: [IWEF]mmdd hh:mm:ss.uuuuuu threadid file:line] msg
I1104 17:55:26.591083   60406 init.go:73] init command started
Log file created at: 2021/11/04 17:57:01
Running on machine: OS-C02F22SVML85
Binary: Built with gc go1.17.2 for darwin/amd64
Log line format: [IWEF]mmdd hh:mm:ss.uuuuuu threadid file:line] msg
I1104 17:57:01.548794   60758 init.go:73] init command started
Log file created at: 2021/11/04 17:58:05
Running on machine: OS-C02F22SVML85
Binary: Built with gc go1.17.2 for darwin/amd64
Log line format: [IWEF]mmdd hh:mm:ss.uuuuuu threadid file:line] msg
I1104 17:58:05.997800   60928 init.go:73] init command started
Log file created at: 2021/11/04 17:58:18
Running on machine: OS-C02F22SVML85
Binary: Built with gc go1.17.2 for darwin/amd64
Log line format: [IWEF]mmdd hh:mm:ss.uuuuuu threadid file:line] msg
I1104 17:58:18.871596   61017 init.go:73] init command started
Log file created at: 2021/11/04 17:59:00
Running on machine: OS-C02F22SVML85
Binary: Built with gc go1.17.2 for darwin/amd64
Log line format: [IWEF]mmdd hh:mm:ss.uuuuuu threadid file:line] msg
I1104 17:59:00.629146   61204 init.go:73] init command started
Log file created at: 2021/11/04 17:59:30
Running on machine: OS-C02F22SVML85
Binary: Built with gc go1.17.2 for darwin/amd64
Log line format: [IWEF]mmdd hh:mm:ss.uuuuuu threadid file:line] msg
I1104 17:59:30.165567   61325 init.go:73] init command started
Log file created at: 2021/11/04 18:00:13
Running on machine: OS-C02F22SVML85
Binary: Built with gc go1.17.2 for darwin/amd64
Log line format: [IWEF]mmdd hh:mm:ss.uuuuuu threadid file:line] msg
I1104 18:00:13.587122   61468 init.go:73] init command started
